<?xml version="1.0" encoding="UTF-8"?>
<!-- Generated by org.testng.reporters.JUnitReportReporter -->
<testsuite skipped="0" hostname="LUK-MP1ZJ09L" name="testcases.ResultTestCase" tests="1" failures="0" timestamp="2022-03-25T11:16:44 GMT" time="359.000" errors="0">
  <testcase name="testResult" time="359.000" classname="testcases.ResultTestCase"/>
  <system-out/>
</testsuite> <!-- testcases.ResultTestCase -->
